This is pdfTeX, Version 3.1415926-2.3-1.40.12 (MiKTeX 2.9) (preloaded format=pdflatex 2011.7.14)  21 MAR 2012 19:30
entering extended mode
**C:/DOCUME?1/Karl/LOCALS?1/Temp/RtmpaVESkV/Rd2pdf4c0603a/Rd2.tex
(C:/DOCUME~1/Karl/LOCALS~1/Temp/RtmpaVESkV/Rd2pdf4c0603a/Rd2.tex
LaTeX2e <2011/06/27>
Babel <v3.8m> and hyphenation patterns for english, afrikaans, ancientgreek, ar
abic, armenian, assamese, basque, bengali, bokmal, bulgarian, catalan, coptic, 
croatian, czech, danish, dutch, esperanto, estonian, farsi, finnish, french, ga
lician, german, german-x-2009-06-19, greek, gujarati, hindi, hungarian, iceland
ic, indonesian, interlingua, irish, italian, kannada, kurmanji, lao, latin, lat
vian, lithuanian, malayalam, marathi, mongolian, mongolianlmc, monogreek, ngerm
an, ngerman-x-2009-06-19, nynorsk, oriya, panjabi, pinyin, polish, portuguese, 
romanian, russian, sanskrit, serbian, slovak, slovenian, spanish, swedish, swis
sgerman, tamil, telugu, turkish, turkmen, ukenglish, ukrainian, uppersorbian, u
senglishmax, welsh, loaded.

("C:\Program Files\MiKTeX 2.9\tex\latex\base\book.cls"
Document Class: book 2007/10/19 v1.4h Standard LaTeX document class
("C:\Program Files\MiKTeX 2.9\tex\latex\base\bk10.clo"
File: bk10.clo 2007/10/19 v1.4h Standard LaTeX file (size option)
)
\c@part=\count79
\c@chapter=\count80
\c@section=\count81
\c@subsection=\count82
\c@subsubsection=\count83
\c@paragraph=\count84
\c@subparagraph=\count85
\c@figure=\count86
\c@table=\count87
\abovecaptionskip=\skip41
\belowcaptionskip=\skip42
\bibindent=\dimen102
)
(C:/PROGRA~1/R/R-213~1.1/share/texmf/tex/latex\Rd.sty
Package: Rd 

("C:\Program Files\MiKTeX 2.9\tex\latex\base\ifthen.sty"
Package: ifthen 2001/05/26 v1.1c Standard LaTeX ifthen package (DPC)
)
("C:\Program Files\MiKTeX 2.9\tex\latex\tools\longtable.sty"
Package: longtable 2004/02/01 v4.11 Multi-page Table package (DPC)
\LTleft=\skip43
\LTright=\skip44
\LTpre=\skip45
\LTpost=\skip46
\LTchunksize=\count88
\LTcapwidth=\dimen103
\LT@head=\box26
\LT@firsthead=\box27
\LT@foot=\box28
\LT@lastfoot=\box29
\LT@cols=\count89
\LT@rows=\count90
\c@LT@tables=\count91
\c@LT@chunks=\count92
\LT@p@ftn=\toks14
)
("C:\Program Files\MiKTeX 2.9\tex\latex\tools\bm.sty"
Package: bm 2004/02/26 v1.1c Bold Symbol Support (DPC/FMi)
\symboldoperators=\mathgroup4
\symboldletters=\mathgroup5
\symboldsymbols=\mathgroup6
LaTeX Font Info:    Redeclaring math alphabet \mathbf on input line 138.
LaTeX Info: Redefining \bm on input line 204.
)
("C:\Program Files\MiKTeX 2.9\tex\latex\base\alltt.sty"
Package: alltt 1997/06/16 v2.0g defines alltt environment
)
("C:\Program Files\MiKTeX 2.9\tex\latex\tools\verbatim.sty"
Package: verbatim 2003/08/22 v1.5q LaTeX2e package for verbatim enhancements
\every@verbatim=\toks15
\verbatim@line=\toks16
\verbatim@in@stream=\read1
)
("C:\Program Files\MiKTeX 2.9\tex\latex\ltxmisc\url.sty"
\Urlmuskip=\muskip10
Package: url 2006/04/12  ver 3.3  Verb mode for urls, etc.
)
(C:/PROGRA~1/R/R-213~1.1/share/texmf/tex/latex\upquote.sty
Package: upquote 2003/08/11 v1.1 Covington's upright-quote modification to verb
atim and verb

("C:\Program Files\MiKTeX 2.9\tex\latex\base\textcomp.sty"
Package: textcomp 2005/09/27 v1.99g Standard LaTeX package
Package textcomp Info: Sub-encoding information:
(textcomp)               5 = only ISO-Adobe without \textcurrency
(textcomp)               4 = 5 + \texteuro
(textcomp)               3 = 4 + \textohm
(textcomp)               2 = 3 + \textestimated + \textcurrency
(textcomp)               1 = TS1 - \textcircled - \t
(textcomp)               0 = TS1 (full)
(textcomp)             Font families with sub-encoding setting implement
(textcomp)             only a restricted character set as indicated.
(textcomp)             Family '?' is the default used for unknown fonts.
(textcomp)             See the documentation for details.
Package textcomp Info: Setting ? sub-encoding to TS1/1 on input line 71.

("C:\Program Files\MiKTeX 2.9\tex\latex\base\ts1enc.def"
File: ts1enc.def 2001/06/05 v3.0e (jk/car/fm) Standard LaTeX file
)
LaTeX Info: Redefining \oldstylenums on input line 266.
Package textcomp Info: Setting cmr sub-encoding to TS1/0 on input line 281.
Package textcomp Info: Setting cmss sub-encoding to TS1/0 on input line 282.
Package textcomp Info: Setting cmtt sub-encoding to TS1/0 on input line 283.
Package textcomp Info: Setting cmvtt sub-encoding to TS1/0 on input line 284.
Package textcomp Info: Setting cmbr sub-encoding to TS1/0 on input line 285.
Package textcomp Info: Setting cmtl sub-encoding to TS1/0 on input line 286.
Package textcomp Info: Setting ccr sub-encoding to TS1/0 on input line 287.
Package textcomp Info: Setting ptm sub-encoding to TS1/4 on input line 288.
Package textcomp Info: Setting pcr sub-encoding to TS1/4 on input line 289.
Package textcomp Info: Setting phv sub-encoding to TS1/4 on input line 290.
Package textcomp Info: Setting ppl sub-encoding to TS1/3 on input line 291.
Package textcomp Info: Setting pag sub-encoding to TS1/4 on input line 292.
Package textcomp Info: Setting pbk sub-encoding to TS1/4 on input line 293.
Package textcomp Info: Setting pnc sub-encoding to TS1/4 on input line 294.
Package textcomp Info: Setting pzc sub-encoding to TS1/4 on input line 295.
Package textcomp Info: Setting bch sub-encoding to TS1/4 on input line 296.
Package textcomp Info: Setting put sub-encoding to TS1/5 on input line 297.
Package textcomp Info: Setting uag sub-encoding to TS1/5 on input line 298.
Package textcomp Info: Setting ugq sub-encoding to TS1/5 on input line 299.
Package textcomp Info: Setting ul8 sub-encoding to TS1/4 on input line 300.
Package textcomp Info: Setting ul9 sub-encoding to TS1/4 on input line 301.
Package textcomp Info: Setting augie sub-encoding to TS1/5 on input line 302.
Package textcomp Info: Setting dayrom sub-encoding to TS1/3 on input line 303.
Package textcomp Info: Setting dayroms sub-encoding to TS1/3 on input line 304.

Package textcomp Info: Setting pxr sub-encoding to TS1/0 on input line 305.
Package textcomp Info: Setting pxss sub-encoding to TS1/0 on input line 306.
Package textcomp Info: Setting pxtt sub-encoding to TS1/0 on input line 307.
Package textcomp Info: Setting txr sub-encoding to TS1/0 on input line 308.
Package textcomp Info: Setting txss sub-encoding to TS1/0 on input line 309.
Package textcomp Info: Setting txtt sub-encoding to TS1/0 on input line 310.
Package textcomp Info: Setting lmr sub-encoding to TS1/0 on input line 311.
Package textcomp Info: Setting lmdh sub-encoding to TS1/0 on input line 312.
Package textcomp Info: Setting lmss sub-encoding to TS1/0 on input line 313.
Package textcomp Info: Setting lmssq sub-encoding to TS1/0 on input line 314.
Package textcomp Info: Setting lmvtt sub-encoding to TS1/0 on input line 315.
Package textcomp Info: Setting qhv sub-encoding to TS1/0 on input line 316.
Package textcomp Info: Setting qag sub-encoding to TS1/0 on input line 317.
Package textcomp Info: Setting qbk sub-encoding to TS1/0 on input line 318.
Package textcomp Info: Setting qcr sub-encoding to TS1/0 on input line 319.
Package textcomp Info: Setting qcs sub-encoding to TS1/0 on input line 320.
Package textcomp Info: Setting qpl sub-encoding to TS1/0 on input line 321.
Package textcomp Info: Setting qtm sub-encoding to TS1/0 on input line 322.
Package textcomp Info: Setting qzc sub-encoding to TS1/0 on input line 323.
Package textcomp Info: Setting qhvc sub-encoding to TS1/0 on input line 324.
Package textcomp Info: Setting futs sub-encoding to TS1/4 on input line 325.
Package textcomp Info: Setting futx sub-encoding to TS1/4 on input line 326.
Package textcomp Info: Setting futj sub-encoding to TS1/4 on input line 327.
Package textcomp Info: Setting hlh sub-encoding to TS1/3 on input line 328.
Package textcomp Info: Setting hls sub-encoding to TS1/3 on input line 329.
Package textcomp Info: Setting hlst sub-encoding to TS1/3 on input line 330.
Package textcomp Info: Setting hlct sub-encoding to TS1/5 on input line 331.
Package textcomp Info: Setting hlx sub-encoding to TS1/5 on input line 332.
Package textcomp Info: Setting hlce sub-encoding to TS1/5 on input line 333.
Package textcomp Info: Setting hlcn sub-encoding to TS1/5 on input line 334.
Package textcomp Info: Setting hlcw sub-encoding to TS1/5 on input line 335.
Package textcomp Info: Setting hlcf sub-encoding to TS1/5 on input line 336.
Package textcomp Info: Setting pplx sub-encoding to TS1/3 on input line 337.
Package textcomp Info: Setting pplj sub-encoding to TS1/3 on input line 338.
Package textcomp Info: Setting ptmx sub-encoding to TS1/4 on input line 339.
Package textcomp Info: Setting ptmj sub-encoding to TS1/4 on input line 340.
))
\ldescriptionwidth=\skip47
 NOT loading ae
("C:\Program Files\MiKTeX 2.9\tex\latex\base\fontenc.sty"
Package: fontenc 2005/09/27 v1.99g Standard LaTeX package

("C:\Program Files\MiKTeX 2.9\tex\latex\base\t1enc.def"
File: t1enc.def 2005/09/27 v1.99g Standard LaTeX file
LaTeX Font Info:    Redeclaring font encoding T1 on input line 43.
))
("C:\Program Files\MiKTeX 2.9\tex\latex\psnfss\times.sty"
Package: times 2005/04/12 PSNFSS-v9.2a (SPQR) 
) NOT loading lmodern
("C:\Program Files\MiKTeX 2.9\tex\latex\graphics\color.sty"
Package: color 2005/11/14 v1.0j Standard LaTeX Color (DPC)

("C:\Program Files\MiKTeX 2.9\tex\latex\00miktex\color.cfg"
File: color.cfg 2007/01/18 v1.5 color configuration of teTeX/TeXLive
)
Package color Info: Driver file: pdftex.def on input line 130.

("C:\Program Files\MiKTeX 2.9\tex\latex\pdftex-def\pdftex.def"
File: pdftex.def 2011/05/27 v0.06d Graphics/color for pdfTeX

("C:\Program Files\MiKTeX 2.9\tex\generic\oberdiek\infwarerr.sty"
Package: infwarerr 2010/04/08 v1.3 Providing info/warning/message (HO)
)
("C:\Program Files\MiKTeX 2.9\tex\generic\oberdiek\ltxcmds.sty"
Package: ltxcmds 2011/04/18 v1.20 LaTeX kernel commands for general use (HO)
)
\Gread@gobject=\count93
))
("C:\Program Files\MiKTeX 2.9\tex\latex\hyperref\hyperref.sty"
Package: hyperref 2011/04/17 v6.82g Hypertext links for LaTeX

("C:\Program Files\MiKTeX 2.9\tex\generic\oberdiek\hobsub-hyperref.sty"
Package: hobsub-hyperref 2011/04/23 v1.4 Bundle oberdiek, subset hyperref (HO)

("C:\Program Files\MiKTeX 2.9\tex\generic\oberdiek\hobsub-generic.sty"
Package: hobsub-generic 2011/04/23 v1.4 Bundle oberdiek, subset generic (HO)
Package: hobsub 2011/04/23 v1.4 Subsetting bundle oberdiek (HO)
Package hobsub Info: Skipping package `infwarerr' (already loaded).
Package hobsub Info: Skipping package `ltxcmds' (already loaded).
Package: ifluatex 2010/03/01 v1.3 Provides the ifluatex switch (HO)
Package ifluatex Info: LuaTeX not detected.
Package: ifvtex 2010/03/01 v1.5 Switches for detecting VTeX and its modes (HO)
Package ifvtex Info: VTeX not detected.
Package: intcalc 2007/09/27 v1.1 Expandable integer calculations (HO)
Package: ifpdf 2011/01/30 v2.3 Provides the ifpdf switch (HO)
Package ifpdf Info: pdfTeX in PDF mode is detected.
Package: etexcmds 2011/02/16 v1.5 Prefix for e-TeX command names (HO)
Package etexcmds Info: Could not find \expanded.
(etexcmds)             That can mean that you are not using pdfTeX 1.50 or
(etexcmds)             that some package has redefined \expanded.
(etexcmds)             In the latter case, load this package earlier.
Package: kvsetkeys 2011/04/07 v1.13 Key value parser (HO)
Package: kvdefinekeys 2011/04/07 v1.3 Defining keys (HO)
Package: pdftexcmds 2011/04/22 v0.16 Utilities of pdfTeX for LuaTeX (HO)
Package pdftexcmds Info: LuaTeX not detected.
Package pdftexcmds Info: \pdf@primitive is available.
Package pdftexcmds Info: \pdf@ifprimitive is available.
Package pdftexcmds Info: \pdfdraftmode found.
Package: pdfescape 2011/04/04 v1.12 Provides string conversions (HO)
Package: bigintcalc 2011/01/30 v1.2 Expandable big integer calculations (HO)
Package: bitset 2011/01/30 v1.1 Data type bit set (HO)
Package: uniquecounter 2011/01/30 v1.2 Provides unlimited unique counter (HO)
)
Package hobsub Info: Skipping package `hobsub' (already loaded).
Package: letltxmacro 2010/09/02 v1.4 Let assignment for LaTeX macros (HO)
Package: hopatch 2011/01/30 v1.0 Wrapper for package hooks (HO)
Package: xcolor-patch 2011/01/30 xcolor patch
Package: atveryend 2011/04/23 v1.7 Hooks at very end of document (HO)
Package: atbegshi 2011/01/30 v1.15 At begin shipout hook (HO)
Package: refcount 2010/12/01 v3.2 Data extraction from references (HO)
Package: hycolor 2011/01/30 v1.7 Color options of hyperref/bookmark (HO)
)
("C:\Program Files\MiKTeX 2.9\tex\latex\graphics\keyval.sty"
Package: keyval 1999/03/16 v1.13 key=value parser (DPC)
\KV@toks@=\toks17
)
("C:\Program Files\MiKTeX 2.9\tex\generic\ifxetex\ifxetex.sty"
Package: ifxetex 2010/09/12 v0.6 Provides ifxetex conditional
)
("C:\Program Files\MiKTeX 2.9\tex\latex\oberdiek\kvoptions.sty"
Package: kvoptions 2010/12/23 v3.10 Keyval support for LaTeX options (HO)
)
\@linkdim=\dimen104
\Hy@linkcounter=\count94
\Hy@pagecounter=\count95

("C:\Program Files\MiKTeX 2.9\tex\latex\hyperref\pd1enc.def"
File: pd1enc.def 2011/04/17 v6.82g Hyperref: PDFDocEncoding definition (HO)
)
\Hy@SavedSpaceFactor=\count96

("C:\Program Files\MiKTeX 2.9\tex\latex\00miktex\hyperref.cfg"
File: hyperref.cfg 2002/06/06 v1.2 hyperref configuration of TeXLive
)
Package hyperref Info: Hyper figures OFF on input line 4026.
Package hyperref Info: Link nesting OFF on input line 4031.
Package hyperref Info: Hyper index ON on input line 4034.
Package hyperref Info: Plain pages OFF on input line 4041.
Package hyperref Info: Backreferencing OFF on input line 4046.
Package hyperref Info: Implicit mode ON; LaTeX internals redefined.
Package hyperref Info: Bookmarks ON on input line 4264.
LaTeX Info: Redefining \href on input line 4528.
\c@Hy@tempcnt=\count97
LaTeX Info: Redefining \url on input line 4617.
\Fld@menulength=\count98
\Field@Width=\dimen105
\Fld@charsize=\dimen106
Package hyperref Info: Hyper figures OFF on input line 5701.
Package hyperref Info: Link nesting OFF on input line 5706.
Package hyperref Info: Hyper index ON on input line 5709.
Package hyperref Info: backreferencing OFF on input line 5716.
Package hyperref Info: Link coloring OFF on input line 5721.
Package hyperref Info: Link coloring with OCG OFF on input line 5726.
Package hyperref Info: PDF/A mode OFF on input line 5731.
LaTeX Info: Redefining \ref on input line 5771.
LaTeX Info: Redefining \pageref on input line 5775.
\Hy@abspage=\count99
\c@Item=\count100
\c@Hfootnote=\count101
)

Package hyperref Message: Driver (autodetected): hpdftex.

("C:\Program Files\MiKTeX 2.9\tex\latex\hyperref\hpdftex.def"
File: hpdftex.def 2011/04/17 v6.82g Hyperref driver for pdfTeX
\Fld@listcount=\count102
\c@bookmark@seq@number=\count103

("C:\Program Files\MiKTeX 2.9\tex\latex\oberdiek\rerunfilecheck.sty"
Package: rerunfilecheck 2011/04/15 v1.7 Rerun checks for auxiliary files (HO)
Package uniquecounter Info: New unique counter `rerunfilecheck' on input line 2
82.
)
\Hy@SectionHShift=\skip48
)

Package hyperref Warning: Option `hyperindex' has already been used,
(hyperref)                setting the option has no effect on input line 332.

Package hyperref Info: Option `colorlinks' set `true' on input line 332.

Package hyperref Warning: Option `pagebackref' has already been used,
(hyperref)                setting the option has no effect on input line 332.

Package hyperref Info: Option `linktocpage' set `true' on input line 332.
Package hyperref Info: Option `plainpages' set `false' on input line 332.
) ("C:\Program Files\MiKTeX 2.9\tex\latex\base\makeidx.sty"
Package: makeidx 2000/03/29 v1.0m Standard LaTeX package
)
("C:\Program Files\MiKTeX 2.9\tex\latex\base\inputenc.sty"
Package: inputenc 2008/03/30 v1.1d Input encoding file
\inpenc@prehook=\toks18
\inpenc@posthook=\toks19

("C:\Program Files\MiKTeX 2.9\tex\latex\base\utf8.def"
File: utf8.def 2008/04/05 v1.1m UTF-8 support for inputenc
Now handling font encoding OML ...
... no UTF-8 mapping file for font encoding OML
Now handling font encoding T1 ...
... processing UTF-8 mapping file for font encoding T1

("C:\Program Files\MiKTeX 2.9\tex\latex\base\t1enc.dfu"
File: t1enc.dfu 2008/04/05 v1.1m UTF-8 support for inputenc
   defining Unicode char U+00A1 (decimal 161)
   defining Unicode char U+00A3 (decimal 163)
   defining Unicode char U+00AB (decimal 171)
   defining Unicode char U+00BB (decimal 187)
   defining Unicode char U+00BF (decimal 191)
   defining Unicode char U+00C0 (decimal 192)
   defining Unicode char U+00C1 (decimal 193)
   defining Unicode char U+00C2 (decimal 194)
   defining Unicode char U+00C3 (decimal 195)
   defining Unicode char U+00C4 (decimal 196)
   defining Unicode char U+00C5 (decimal 197)
   defining Unicode char U+00C6 (decimal 198)
   defining Unicode char U+00C7 (decimal 199)
   defining Unicode char U+00C8 (decimal 200)
   defining Unicode char U+00C9 (decimal 201)
   defining Unicode char U+00CA (decimal 202)
   defining Unicode char U+00CB (decimal 203)
   defining Unicode char U+00CC (decimal 204)
   defining Unicode char U+00CD (decimal 205)
   defining Unicode char U+00CE (decimal 206)
   defining Unicode char U+00CF (decimal 207)
   defining Unicode char U+00D0 (decimal 208)
   defining Unicode char U+00D1 (decimal 209)
   defining Unicode char U+00D2 (decimal 210)
   defining Unicode char U+00D3 (decimal 211)
   defining Unicode char U+00D4 (decimal 212)
   defining Unicode char U+00D5 (decimal 213)
   defining Unicode char U+00D6 (decimal 214)
   defining Unicode char U+00D8 (decimal 216)
   defining Unicode char U+00D9 (decimal 217)
   defining Unicode char U+00DA (decimal 218)
   defining Unicode char U+00DB (decimal 219)
   defining Unicode char U+00DC (decimal 220)
   defining Unicode char U+00DD (decimal 221)
   defining Unicode char U+00DE (decimal 222)
   defining Unicode char U+00DF (decimal 223)
   defining Unicode char U+00E0 (decimal 224)
   defining Unicode char U+00E1 (decimal 225)
   defining Unicode char U+00E2 (decimal 226)
   defining Unicode char U+00E3 (decimal 227)
   defining Unicode char U+00E4 (decimal 228)
   defining Unicode char U+00E5 (decimal 229)
   defining Unicode char U+00E6 (decimal 230)
   defining Unicode char U+00E7 (decimal 231)
   defining Unicode char U+00E8 (decimal 232)
   defining Unicode char U+00E9 (decimal 233)
   defining Unicode char U+00EA (decimal 234)
   defining Unicode char U+00EB (decimal 235)
   defining Unicode char U+00EC (decimal 236)
   defining Unicode char U+00ED (decimal 237)
   defining Unicode char U+00EE (decimal 238)
   defining Unicode char U+00EF (decimal 239)
   defining Unicode char U+00F0 (decimal 240)
   defining Unicode char U+00F1 (decimal 241)
   defining Unicode char U+00F2 (decimal 242)
   defining Unicode char U+00F3 (decimal 243)
   defining Unicode char U+00F4 (decimal 244)
   defining Unicode char U+00F5 (decimal 245)
   defining Unicode char U+00F6 (decimal 246)
   defining Unicode char U+00F8 (decimal 248)
   defining Unicode char U+00F9 (decimal 249)
   defining Unicode char U+00FA (decimal 250)
   defining Unicode char U+00FB (decimal 251)
   defining Unicode char U+00FC (decimal 252)
   defining Unicode char U+00FD (decimal 253)
   defining Unicode char U+00FE (decimal 254)
   defining Unicode char U+00FF (decimal 255)
   defining Unicode char U+0102 (decimal 258)
   defining Unicode char U+0103 (decimal 259)
   defining Unicode char U+0104 (decimal 260)
   defining Unicode char U+0105 (decimal 261)
   defining Unicode char U+0106 (decimal 262)
   defining Unicode char U+0107 (decimal 263)
   defining Unicode char U+010C (decimal 268)
   defining Unicode char U+010D (decimal 269)
   defining Unicode char U+010E (decimal 270)
   defining Unicode char U+010F (decimal 271)
   defining Unicode char U+0110 (decimal 272)
   defining Unicode char U+0111 (decimal 273)
   defining Unicode char U+0118 (decimal 280)
   defining Unicode char U+0119 (decimal 281)
   defining Unicode char U+011A (decimal 282)
   defining Unicode char U+011B (decimal 283)
   defining Unicode char U+011E (decimal 286)
   defining Unicode char U+011F (decimal 287)
   defining Unicode char U+0130 (decimal 304)
   defining Unicode char U+0131 (decimal 305)
   defining Unicode char U+0132 (decimal 306)
   defining Unicode char U+0133 (decimal 307)
   defining Unicode char U+0139 (decimal 313)
   defining Unicode char U+013A (decimal 314)
   defining Unicode char U+013D (decimal 317)
   defining Unicode char U+013E (decimal 318)
   defining Unicode char U+0141 (decimal 321)
   defining Unicode char U+0142 (decimal 322)
   defining Unicode char U+0143 (decimal 323)
   defining Unicode char U+0144 (decimal 324)
   defining Unicode char U+0147 (decimal 327)
   defining Unicode char U+0148 (decimal 328)
   defining Unicode char U+014A (decimal 330)
   defining Unicode char U+014B (decimal 331)
   defining Unicode char U+0150 (decimal 336)
   defining Unicode char U+0151 (decimal 337)
   defining Unicode char U+0152 (decimal 338)
   defining Unicode char U+0153 (decimal 339)
   defining Unicode char U+0154 (decimal 340)
   defining Unicode char U+0155 (decimal 341)
   defining Unicode char U+0158 (decimal 344)
   defining Unicode char U+0159 (decimal 345)
   defining Unicode char U+015A (decimal 346)
   defining Unicode char U+015B (decimal 347)
   defining Unicode char U+015E (decimal 350)
   defining Unicode char U+015F (decimal 351)
   defining Unicode char U+0160 (decimal 352)
   defining Unicode char U+0161 (decimal 353)
   defining Unicode char U+0162 (decimal 354)
   defining Unicode char U+0163 (decimal 355)
   defining Unicode char U+0164 (decimal 356)
   defining Unicode char U+0165 (decimal 357)
   defining Unicode char U+016E (decimal 366)
   defining Unicode char U+016F (decimal 367)
   defining Unicode char U+0170 (decimal 368)
   defining Unicode char U+0171 (decimal 369)
   defining Unicode char U+0178 (decimal 376)
   defining Unicode char U+0179 (decimal 377)
   defining Unicode char U+017A (decimal 378)
   defining Unicode char U+017B (decimal 379)
   defining Unicode char U+017C (decimal 380)
   defining Unicode char U+017D (decimal 381)
   defining Unicode char U+017E (decimal 382)
   defining Unicode char U+200C (decimal 8204)
   defining Unicode char U+2013 (decimal 8211)
   defining Unicode char U+2014 (decimal 8212)
   defining Unicode char U+2018 (decimal 8216)
   defining Unicode char U+2019 (decimal 8217)
   defining Unicode char U+201A (decimal 8218)
   defining Unicode char U+201C (decimal 8220)
   defining Unicode char U+201D (decimal 8221)
   defining Unicode char U+201E (decimal 8222)
   defining Unicode char U+2030 (decimal 8240)
   defining Unicode char U+2031 (decimal 8241)
   defining Unicode char U+2039 (decimal 8249)
   defining Unicode char U+203A (decimal 8250)
   defining Unicode char U+2423 (decimal 9251)
)
Now handling font encoding OT1 ...
... processing UTF-8 mapping file for font encoding OT1

("C:\Program Files\MiKTeX 2.9\tex\latex\base\ot1enc.dfu"
File: ot1enc.dfu 2008/04/05 v1.1m UTF-8 support for inputenc
   defining Unicode char U+00A1 (decimal 161)
   defining Unicode char U+00A3 (decimal 163)
   defining Unicode char U+00B8 (decimal 184)
   defining Unicode char U+00BF (decimal 191)
   defining Unicode char U+00C5 (decimal 197)
   defining Unicode char U+00C6 (decimal 198)
   defining Unicode char U+00D8 (decimal 216)
   defining Unicode char U+00DF (decimal 223)
   defining Unicode char U+00E6 (decimal 230)
   defining Unicode char U+00EC (decimal 236)
   defining Unicode char U+00ED (decimal 237)
   defining Unicode char U+00EE (decimal 238)
   defining Unicode char U+00EF (decimal 239)
   defining Unicode char U+00F8 (decimal 248)
   defining Unicode char U+0131 (decimal 305)
   defining Unicode char U+0141 (decimal 321)
   defining Unicode char U+0142 (decimal 322)
   defining Unicode char U+0152 (decimal 338)
   defining Unicode char U+0153 (decimal 339)
   defining Unicode char U+2013 (decimal 8211)
   defining Unicode char U+2014 (decimal 8212)
   defining Unicode char U+2018 (decimal 8216)
   defining Unicode char U+2019 (decimal 8217)
   defining Unicode char U+201C (decimal 8220)
   defining Unicode char U+201D (decimal 8221)
)
Now handling font encoding OMS ...
... processing UTF-8 mapping file for font encoding OMS

("C:\Program Files\MiKTeX 2.9\tex\latex\base\omsenc.dfu"
File: omsenc.dfu 2008/04/05 v1.1m UTF-8 support for inputenc
   defining Unicode char U+00A7 (decimal 167)
   defining Unicode char U+00B6 (decimal 182)
   defining Unicode char U+00B7 (decimal 183)
   defining Unicode char U+2020 (decimal 8224)
   defining Unicode char U+2021 (decimal 8225)
   defining Unicode char U+2022 (decimal 8226)
)
Now handling font encoding OMX ...
... no UTF-8 mapping file for font encoding OMX
Now handling font encoding U ...
... no UTF-8 mapping file for font encoding U
Now handling font encoding TS1 ...
... processing UTF-8 mapping file for font encoding TS1

("C:\Program Files\MiKTeX 2.9\tex\latex\base\ts1enc.dfu"
File: ts1enc.dfu 2008/04/05 v1.1m UTF-8 support for inputenc
   defining Unicode char U+00A2 (decimal 162)
   defining Unicode char U+00A3 (decimal 163)
   defining Unicode char U+00A4 (decimal 164)
   defining Unicode char U+00A5 (decimal 165)
   defining Unicode char U+00A6 (decimal 166)
   defining Unicode char U+00A7 (decimal 167)
   defining Unicode char U+00A8 (decimal 168)
   defining Unicode char U+00A9 (decimal 169)
   defining Unicode char U+00AA (decimal 170)
   defining Unicode char U+00AC (decimal 172)
   defining Unicode char U+00AE (decimal 174)
   defining Unicode char U+00AF (decimal 175)
   defining Unicode char U+00B0 (decimal 176)
   defining Unicode char U+00B1 (decimal 177)
   defining Unicode char U+00B2 (decimal 178)
   defining Unicode char U+00B3 (decimal 179)
   defining Unicode char U+00B4 (decimal 180)
   defining Unicode char U+00B5 (decimal 181)
   defining Unicode char U+00B6 (decimal 182)
   defining Unicode char U+00B7 (decimal 183)
   defining Unicode char U+00B9 (decimal 185)
   defining Unicode char U+00BA (decimal 186)
   defining Unicode char U+00BC (decimal 188)
   defining Unicode char U+00BD (decimal 189)
   defining Unicode char U+00BE (decimal 190)
   defining Unicode char U+00D7 (decimal 215)
   defining Unicode char U+00F7 (decimal 247)
   defining Unicode char U+0192 (decimal 402)
   defining Unicode char U+02C7 (decimal 711)
   defining Unicode char U+02D8 (decimal 728)
   defining Unicode char U+02DD (decimal 733)
   defining Unicode char U+0E3F (decimal 3647)
   defining Unicode char U+2016 (decimal 8214)
   defining Unicode char U+2020 (decimal 8224)
   defining Unicode char U+2021 (decimal 8225)
   defining Unicode char U+2022 (decimal 8226)
   defining Unicode char U+2030 (decimal 8240)
   defining Unicode char U+2031 (decimal 8241)
   defining Unicode char U+203B (decimal 8251)
   defining Unicode char U+203D (decimal 8253)
   defining Unicode char U+2044 (decimal 8260)
   defining Unicode char U+204E (decimal 8270)
   defining Unicode char U+2052 (decimal 8274)
   defining Unicode char U+20A1 (decimal 8353)
   defining Unicode char U+20A4 (decimal 8356)
   defining Unicode char U+20A6 (decimal 8358)
   defining Unicode char U+20A9 (decimal 8361)
   defining Unicode char U+20AB (decimal 8363)
   defining Unicode char U+20AC (decimal 8364)
   defining Unicode char U+20B1 (decimal 8369)
   defining Unicode char U+2103 (decimal 8451)
   defining Unicode char U+2116 (decimal 8470)
   defining Unicode char U+2117 (decimal 8471)
   defining Unicode char U+211E (decimal 8478)
   defining Unicode char U+2120 (decimal 8480)
   defining Unicode char U+2122 (decimal 8482)
   defining Unicode char U+2126 (decimal 8486)
   defining Unicode char U+2127 (decimal 8487)
   defining Unicode char U+212E (decimal 8494)
   defining Unicode char U+2190 (decimal 8592)
   defining Unicode char U+2191 (decimal 8593)
   defining Unicode char U+2192 (decimal 8594)
   defining Unicode char U+2193 (decimal 8595)
   defining Unicode char U+2329 (decimal 9001)
   defining Unicode char U+232A (decimal 9002)
   defining Unicode char U+2422 (decimal 9250)
   defining Unicode char U+25E6 (decimal 9702)
   defining Unicode char U+25EF (decimal 9711)
   defining Unicode char U+266A (decimal 9834)
)
Now handling font encoding PD1 ...
... no UTF-8 mapping file for font encoding PD1
   defining Unicode char U+00A9 (decimal 169)
   defining Unicode char U+00AA (decimal 170)
   defining Unicode char U+00AE (decimal 174)
   defining Unicode char U+00BA (decimal 186)
   defining Unicode char U+02C6 (decimal 710)
   defining Unicode char U+02DC (decimal 732)
   defining Unicode char U+200C (decimal 8204)
   defining Unicode char U+2026 (decimal 8230)
   defining Unicode char U+2122 (decimal 8482)
   defining Unicode char U+2423 (decimal 9251)
)
("C:\Program Files\MiKTeX 2.9\tex\latex\base\latin1.def"
File: latin1.def 2008/03/30 v1.1d Input encoding file
))
\@indexfile=\write3

Writing index file Rd2.idx
(C:\DOCUME~1\Karl\LOCALS~1\Temp\RtmpaVESkV\Rd2pdf4c0603a\Rd2.aux)
LaTeX Font Info:    Checking defaults for OML/cmm/m/it on input line 7.
LaTeX Font Info:    ... okay on input line 7.
LaTeX Font Info:    Checking defaults for T1/cmr/m/n on input line 7.
LaTeX Font Info:    ... okay on input line 7.
LaTeX Font Info:    Checking defaults for OT1/cmr/m/n on input line 7.
LaTeX Font Info:    ... okay on input line 7.
LaTeX Font Info:    Checking defaults for OMS/cmsy/m/n on input line 7.
LaTeX Font Info:    ... okay on input line 7.
LaTeX Font Info:    Checking defaults for OMX/cmex/m/n on input line 7.
LaTeX Font Info:    ... okay on input line 7.
LaTeX Font Info:    Checking defaults for U/cmr/m/n on input line 7.
LaTeX Font Info:    ... okay on input line 7.
LaTeX Font Info:    Checking defaults for TS1/cmr/m/n on input line 7.
LaTeX Font Info:    Try loading font information for TS1+cmr on input line 7.

("C:\Program Files\MiKTeX 2.9\tex\latex\base\ts1cmr.fd"
File: ts1cmr.fd 1999/05/25 v2.5h Standard LaTeX font definitions
)
LaTeX Font Info:    ... okay on input line 7.
LaTeX Font Info:    Checking defaults for PD1/pdf/m/n on input line 7.
LaTeX Font Info:    ... okay on input line 7.
LaTeX Font Info:    Try loading font information for T1+ptm on input line 7.

("C:\Program Files\MiKTeX 2.9\tex\latex\psnfss\t1ptm.fd"
File: t1ptm.fd 2001/06/04 font definitions for T1/ptm.
)
("C:\Program Files\MiKTeX 2.9\tex\context\base\supp-pdf.mkii"
[Loading MPS to PDF converter (version 2006.09.02).]
\scratchcounter=\count104
\scratchdimen=\dimen107
\scratchbox=\box30
\nofMPsegments=\count105
\nofMParguments=\count106
\everyMPshowfont=\toks20
\MPscratchCnt=\count107
\MPscratchDim=\dimen108
\MPnumerator=\count108
\makeMPintoPDFobject=\count109
\everyMPtoPDFconversion=\toks21
)
\AtBeginShipoutBox=\box31
Package hyperref Info: Link coloring ON on input line 7.
 ("C:\Program Files\MiKTeX 2.9\tex\latex\hyperref\nameref.sty"
Package: nameref 2010/04/30 v2.40 Cross-referencing by name of section

("C:\Program Files\MiKTeX 2.9\tex\generic\oberdiek\gettitlestring.sty"
Package: gettitlestring 2010/12/03 v1.4 Cleanup title references (HO)
)
\c@section@level=\count110
)
LaTeX Info: Redefining \ref on input line 7.
LaTeX Info: Redefining \pageref on input line 7.
LaTeX Info: Redefining \nameref on input line 7.

(C:\DOCUME~1\Karl\LOCALS~1\Temp\RtmpaVESkV\Rd2pdf4c0603a\Rd2.out)
(C:\DOCUME~1\Karl\LOCALS~1\Temp\RtmpaVESkV\Rd2pdf4c0603a\Rd2.out)
\@outlinefile=\write4
LaTeX Font Info:    Font shape `T1/ptm/bx/n' in size <24.88> not available
(Font)              Font shape `T1/ptm/b/n' tried instead on input line 8.
LaTeX Font Info:    Font shape `T1/ptm/bx/n' in size <10> not available
(Font)              Font shape `T1/ptm/b/n' tried instead on input line 10.
LaTeX Font Info:    Font shape `T1/ptm/bx/n' in size <20.74> not available
(Font)              Font shape `T1/ptm/b/n' tried instead on input line 10.
LaTeX Font Info:    Try loading font information for T1+pcr on input line 20.

("C:\Program Files\MiKTeX 2.9\tex\latex\psnfss\t1pcr.fd"
File: t1pcr.fd 2001/06/04 font definitions for T1/pcr.
)
LaTeX Font Info:    Font shape `T1/ptm/bx/n' in size <14.4> not available
(Font)              Font shape `T1/ptm/b/n' tried instead on input line 27.
LaTeX Font Info:    Try loading font information for T1+phv on input line 27.

("C:\Program Files\MiKTeX 2.9\tex\latex\psnfss\t1phv.fd"
File: t1phv.fd 2001/06/04 scalable font definitions for T1/phv.
)
(C:\DOCUME~1\Karl\LOCALS~1\Temp\RtmpaVESkV\Rd2pdf4c0603a\Rd2.toc
LaTeX Font Info:    External font `cmex10' loaded for size
(Font)              <7> on input line 1.
LaTeX Font Info:    External font `cmex10' loaded for size
(Font)              <5> on input line 1.
)
\tf@toc=\write5

("C:\Program Files\MiKTeX 2.9\tex\latex\base\utf8.def"
File: utf8.def 2008/04/05 v1.1m UTF-8 support for inputenc
) [1


{C:/Documents and Settings/All Users/Application Data/MiKTeX/2.9/pdftex/config/
pdftex.map}]
Overfull \hbox (35.68855pt too wide) in paragraph at lines 56--58
[]\T1/ptm/m/n/10 1.1. Func-tions for mak-ing and im-port-ing datasets for use w
ith \T1/pcr/m/n/10 pems.utils\T1/ptm/m/n/10 : [][]\T1/pcr/m/n/10 makePEMS[][][]
\T1/ptm/m/n/10 , [][]\T1/pcr/m/n/10 import2PEMS[][][]\T1/ptm/m/n/10 ,
 []

[2] ("C:\Program Files\MiKTeX 2.9\tex\latex\base\utf8.def"
File: utf8.def 2008/04/05 v1.1m UTF-8 support for inputenc
)
Overfull \hbox (60.78088pt too wide) in paragraph at lines 147--147
 []\T1/pcr/m/n/10 import2PEMS(file.name = file.choose(), time.stamp = NULL, loc
al.time = NULL,[] 
 []


Overfull \hbox (66.78088pt too wide) in paragraph at lines 148--148
 []          \T1/pcr/m/n/10 time.format = NULL, units = NULL, constants = NULL,
 history = NULL,[] 
 []

[3]
Overfull \hbox (6.78088pt too wide) in paragraph at lines 167--167
 []          \T1/pcr/m/n/10 vbox = "RoyalTEk", history = NULL, constants = NULL
, ...)[] 
 []


Overfull \hbox (3.67867pt too wide) in paragraph at lines 187--192
\T1/ptm/m/n/10 For \T1/pcr/m/n/10 makePEMS \T1/ptm/m/n/10 these are added to th
e pems ob-ject un-mod-i-fied. For \T1/pcr/m/n/10 import...
 []


Overfull \hbox (8.70874pt too wide) in paragraph at lines 195--199
\T1/ptm/m/n/10 er-ated for \T1/pcr/m/n/10 pems \T1/ptm/m/n/10 ob-jects. \T1/pcr
/m/n/10 units \T1/ptm/m/n/10 holds unit ids for unit man-age-ment, \T1/pcr/m/n/
10 constants
 []

[4]
Overfull \hbox (9.98999pt too wide) in paragraph at lines 294--298
[]\T1/ptm/m/n/10 With the crude \T1/pcr/m/n/10 import... \T1/ptm/m/n/10 func-ti
ons (\T1/pcr/m/n/10 import2PEMS\T1/ptm/m/n/10 , \T1/pcr/m/n/10 importTAB2PEMS\T
1/ptm/m/n/10 , \T1/pcr/m/n/10 importCSV2PEMS\T1/ptm/m/n/10 )
 []


Overfull \hbox (7.87892pt too wide) in paragraph at lines 299--308
\T1/ptm/m/n/10 present/valid; \T1/pcr/m/n/10 latitude \T1/ptm/m/n/10 and \T1/pc
r/m/n/10 longitude \T1/ptm/m/n/10 units are also re-set to \T1/pcr/m/n/10 'd.de
gLat' \T1/ptm/m/n/10 and \T1/pcr/m/n/10 'd.degLon'\T1/ptm/m/n/10 .
 []

[5] ("C:\Program Files\MiKTeX 2.9\tex\latex\base\utf8.def"
File: utf8.def 2008/04/05 v1.1m UTF-8 support for inputenc
) [6]
Overfull \hbox (4.16913pt too wide) in paragraph at lines 387--389
[]\T1/ptm/m/n/10 (Various) Other op-tions us-ing for \T1/pcr/m/n/10 pems.utils 
\T1/ptm/m/n/10 house-keeping. See [][]\T1/pcr/m/n/10 check...[][][]
 []

[7] ("C:\Program Files\MiKTeX 2.9\tex\latex\base\utf8.def"
File: utf8.def 2008/04/05 v1.1m UTF-8 support for inputenc
)
Overfull \hbox (5.64796pt too wide) in paragraph at lines 496--499
[]\T1/ptm/m/n/10 (Required ob-jects, typ-i-cally pems ob-jects, data.frames or 
vec-tors) For \T1/pcr/m/n/10 bindPEMS
 []


Overfull \hbox (37.15901pt too wide) in paragraph at lines 502--503
[]\T1/ptm/m/n/10 (Optional) Other ar-gu-ments, cur-rently passed on to \T1/pcr/
m/n/10 cAlign \T1/ptm/m/n/10 and \T1/pcr/m/n/10 findLinearOffset\T1/ptm/m/n/10 
. 
 []

[8] [9] ("C:\Program Files\MiKTeX 2.9\tex\latex\base\utf8.def"
File: utf8.def 2008/04/05 v1.1m UTF-8 support for inputenc
) [10]
("C:\Program Files\MiKTeX 2.9\tex\latex\base\utf8.def"
File: utf8.def 2008/04/05 v1.1m UTF-8 support for inputenc
) [11]
Overfull \hbox (12.78088pt too wide) in paragraph at lines 756--756
 []\T1/pcr/m/n/10 convertUnits(input = NULL, to = NULL, from = NULL, data = NUL
L, ...,[] 
 []


Overfull \hbox (6.78088pt too wide) in paragraph at lines 759--759
 []         \T1/pcr/m/n/10 unit.conversions = NULL, force = FALSE, overwrite = 
FALSE,[] 
 []

[12]
Overfull \hbox (79.55862pt too wide) in paragraph at lines 826--830
\T1/ptm/m/n/10 (If \T1/pcr/m/n/10 FALSE\T1/ptm/m/n/10 , a new el-e-ment is gen-
er-ated with a unique name in the form \T1/pcr/m/n/10 [input.name].number\T1/pt
m/m/n/10 .) 
 []

[13] [14]
Overfull \hbox (9.78043pt too wide) in paragraph at lines 954--954
 []\T1/pcr/m/n/9 # [1] 0.6213712 1.2427424 1.8641136 2.4854848 3.1068560 3.7282
272 4.3495983[] 
 []


Overfull \hbox (4.38043pt too wide) in paragraph at lines 974--974
 []                              \T1/pcr/m/n/9 tag = "kilometers/hour to some s
illy scale",[] 
 []


Overfull \hbox (9.78043pt too wide) in paragraph at lines 980--980
 []\T1/pcr/m/n/9 # [1] 0.6213712 1.2427424 1.8641136 2.4854848 3.1068560 3.7282
272 4.3495983[] 
 []

("C:\Program Files\MiKTeX 2.9\tex\latex\base\utf8.def"
File: utf8.def 2008/04/05 v1.1m UTF-8 support for inputenc
) [15]
Overfull \hbox (13.00911pt too wide) in paragraph at lines 1029--1031
[]\T1/ptm/m/n/10 (Optional \T1/pcr/m/n/10 data.frame \T1/ptm/m/n/10 or \T1/pcr/
m/n/10 pems \T1/ptm/m/n/10 ob-ject) The data source if ei-ther a \T1/pcr/m/n/10
 data.frame
 []


Overfull \hbox (103.56836pt too wide) in paragraph at lines 1034--1037
[]\T1/ptm/m/n/10 (Required func-tion) The func-tion to use to cal-cu-late VSP. 
(de-fault \T1/pcr/m/n/10 calcVSPJimenezPalaciosCMEM\T1/ptm/m/n/10 ).
 []


Overfull \hbox (33.1785pt too wide) in paragraph at lines 1040--1043
[]\T1/ptm/m/n/10 (Optional) Other ar-gu-ments, cur-rently passed on to func-tio
n pro-vided as \T1/pcr/m/n/10 calc.method
 []


Overfull \hbox (11.95923pt too wide) in paragraph at lines 1040--1043
\T1/ptm/m/n/10 (de-fault \T1/pcr/m/n/10 calcVSPJimenezPalaciosCMEM\T1/ptm/m/n/1
0 ) and ap-pro-pri-ate [][]\T1/pcr/m/n/10 check...[][][] \T1/ptm/m/n/10 func-
 []

[16]
Overfull \hbox (13.41005pt too wide) in paragraph at lines 1108--1111
[]\T1/ptm/m/n/10 Unit han-dling in \T1/pcr/m/n/10 pems.utils \T1/ptm/m/n/10 is 
via [][]\T1/pcr/m/n/10 checkUnits[][][]\T1/ptm/m/n/10 , [][]\T1/pcr/m/n/10 getU
nits[][][]\T1/ptm/m/n/10 , [][]\T1/pcr/m/n/10 setUnits[][][] \T1/ptm/m/n/10 and
 [][]\T1/pcr/m/n/10 convertUnits[][][]\T1/ptm/m/n/10 .
 []

[17] ("C:\Program Files\MiKTeX 2.9\tex\latex\base\utf8.def"
File: utf8.def 2008/04/05 v1.1m UTF-8 support for inputenc
) [18]
Overfull \hbox (13.00911pt too wide) in paragraph at lines 1238--1240
[]\T1/ptm/m/n/10 (Optional \T1/pcr/m/n/10 data.frame \T1/ptm/m/n/10 or \T1/pcr/
m/n/10 pems \T1/ptm/m/n/10 ob-ject) The data source if ei-ther a \T1/pcr/m/n/10
 data.frame
 []


Overfull \hbox (14.82849pt too wide) in paragraph at lines 1256--1260
\T1/ptm/m/n/10 op-er-a-tions. These are typ-i-cally passed to the ap-pro-pri-at
e \T1/pcr/m/n/10 check... \T1/ptm/m/n/10 or \T1/pcr/m/n/10 ...Units
 []

[19]
Overfull \hbox (13.41005pt too wide) in paragraph at lines 1308--1313
[]\T1/ptm/m/n/10 Unit han-dling in \T1/pcr/m/n/10 pems.utils \T1/ptm/m/n/10 is 
via [][]\T1/pcr/m/n/10 checkUnits[][][]\T1/ptm/m/n/10 , [][]\T1/pcr/m/n/10 getU
nits[][][]\T1/ptm/m/n/10 , [][]\T1/pcr/m/n/10 setUnits[][][] \T1/ptm/m/n/10 and
 [][]\T1/pcr/m/n/10 convertUnits[][][]\T1/ptm/m/n/10 .
 []


Overfull \hbox (2.03932pt too wide) in paragraph at lines 1335--1337
[][][]\T1/pcr/m/n/10 getElement[][][] \T1/ptm/m/n/10 ([][]\T1/pcr/m/n/10 checkI
nput[][][] \T1/ptm/m/n/10 if pass-ing el-e-ments as in-puts), [][]\T1/pcr/m/n/1
0 checkUnits[][][] \T1/ptm/m/n/10 and [][]\T1/pcr/m/n/10 convertUnits[][][]
 []

[20]
Overfull \hbox (4.38043pt too wide) in paragraph at lines 1367--1367
 []                  \T1/pcr/m/n/9 calcAccel(velocity, local.time, data=x, outp
ut="input"))[] 
 []


Underfull \vbox (badness 10000) has occurred while \output is active []

 [21]
LaTeX Font Info:    Try loading font information for TS1+pcr on input line 1422
.

("C:\Program Files\MiKTeX 2.9\tex\latex\psnfss\ts1pcr.fd"
File: ts1pcr.fd 2001/06/04 font definitions for TS1/pcr.
)
("C:\Program Files\MiKTeX 2.9\tex\latex\base\utf8.def"
File: utf8.def 2008/04/05 v1.1m UTF-8 support for inputenc
) [22]
Overfull \hbox (8.66817pt too wide) in paragraph at lines 1535--1540
[]\T1/ptm/m/n/10 (Logical) Should the plot be greyscale by de-fault? This op-ti
on re-sets the \T1/pcr/m/n/10 lattice
 []

[23]
Overfull \hbox (24.75977pt too wide) in paragraph at lines 1626--1632
[]\T1/ptm/m/n/10 The rea-son for \T1/pcr/m/n/10 latticePlot\T1/ptm/m/n/10 : \T1
/pcr/m/n/10 latticePlot \T1/ptm/m/n/10 com-bines a num-ber of \T1/pcr/m/n/10 la
ttice \T1/ptm/m/n/10 and \T1/pcr/m/n/10 latticeExtra
 []

[24]
Overfull \hbox (15.18042pt too wide) in paragraph at lines 1675--1675
 []\T1/pcr/m/n/9 #in lattice, xyplot(velocity~local.time, data = getData(pems.1
), type = "l")[] 
 []

("C:\Program Files\MiKTeX 2.9\tex\latex\base\utf8.def"
File: utf8.def 2008/04/05 v1.1m UTF-8 support for inputenc
) [25]
Overfull \hbox (13.00911pt too wide) in paragraph at lines 1728--1730
[]\T1/ptm/m/n/10 (Optional \T1/pcr/m/n/10 data.frame \T1/ptm/m/n/10 or \T1/pcr/
m/n/10 pems \T1/ptm/m/n/10 ob-ject) The data source if ei-ther a \T1/pcr/m/n/10
 data.frame
 []


Overfull \hbox (4.09898pt too wide) in paragraph at lines 1733--1736
\T1/ptm/m/n/10 pro-vides ac-cess to \T1/pcr/m/n/10 pems.utils \T1/ptm/m/n/10 ma
n-age-ment ar-gu-ments such as \T1/pcr/m/n/10 if.missing
 []


Overfull \hbox (8.16902pt too wide) in paragraph at lines 1752--1755
[]\T1/pcr/m/n/10 summaryReport \T1/ptm/m/n/10 does not strictly re-quire all th
e ar-gu-ments \T1/pcr/m/n/10 speed\T1/ptm/m/n/10 , \T1/pcr/m/n/10 accel\T1/ptm/
m/n/10 , \T1/pcr/m/n/10 time \T1/ptm/m/n/10 and \T1/pcr/m/n/10 distance
 []

[26]
Overfull \hbox (13.41005pt too wide) in paragraph at lines 1801--1806
[]\T1/ptm/m/n/10 Unit han-dling in \T1/pcr/m/n/10 pems.utils \T1/ptm/m/n/10 is 
via [][]\T1/pcr/m/n/10 checkUnits[][][]\T1/ptm/m/n/10 , [][]\T1/pcr/m/n/10 getU
nits[][][]\T1/ptm/m/n/10 , [][]\T1/pcr/m/n/10 setUnits[][][] \T1/ptm/m/n/10 and
 [][]\T1/pcr/m/n/10 convertUnits[][][]\T1/ptm/m/n/10 .
 []


Overfull \hbox (15.18042pt too wide) in paragraph at lines 1840--1840
 []\T1/pcr/m/n/9 ##  distance.travelled.km time.total.s avg.speed.km.h avg.runn
ing.speed.km.h[] 
 []


Overfull \hbox (15.18042pt too wide) in paragraph at lines 1841--1841
 []\T1/pcr/m/n/9 ##1              6.186056         1000        22.2698         
      28.78538[] 
 []

[27] ("C:\Program Files\MiKTeX 2.9\tex\latex\base\utf8.def"
File: utf8.def 2008/04/05 v1.1m UTF-8 support for inputenc
) [28]
Overfull \hbox (6.78857pt too wide) in paragraph at lines 1946--1948
[]\T1/pcr/m/n/10 cutBy \T1/ptm/m/n/10 is a wrap-per for other \T1/pcr/m/n/10 cu
tBy... \T1/ptm/m/n/10 func-tions. It pro-vides ad-di-tional op-tions for \T1/pc
r/m/n/10 cut.marker
 []

[29] ("C:\Program Files\MiKTeX 2.9\tex\latex\base\utf8.def"
File: utf8.def 2008/04/05 v1.1m UTF-8 support for inputenc
) [30]
("C:\Program Files\MiKTeX 2.9\tex\latex\base\utf8.def"
File: utf8.def 2008/04/05 v1.1m UTF-8 support for inputenc
)
Overfull \hbox (16.6901pt too wide) in paragraph at lines 2115--2117
[]\T1/pcr/m/n/10 ref.unit.conversions \T1/ptm/m/n/10 can be up-dated lo-cally. 
See [][]\T1/pcr/m/n/10 convertUnits[][][]\T1/ptm/m/n/10 , [][]\T1/pcr/m/n/10 ad
dUnitConversion[][][]\T1/ptm/m/n/10 ,
 []

[31] ("C:\Program Files\MiKTeX 2.9\tex\latex\base\utf8.def"
File: utf8.def 2008/04/05 v1.1m UTF-8 support for inputenc
)
Overfull \hbox (36.78088pt too wide) in paragraph at lines 2149--2149
 []           \T1/pcr/m/n/10 fun.name = NULL, if.missing = c("stop", "warning",
 "return"),[] 
 []


Overfull \hbox (60.78088pt too wide) in paragraph at lines 2153--2153
 []           \T1/pcr/m/n/10 option.name = "option", allowed.options.name = "al
lowed.options",[] 
 []


Overfull \hbox (0.78088pt too wide) in paragraph at lines 2166--2166
 []           \T1/pcr/m/n/10 output = c("special", "units", "input", "test.resu
lt"),[] 
 []


Overfull \hbox (12.78088pt too wide) in paragraph at lines 2172--2172
 []           \T1/pcr/m/n/10 output = c("pems", "data.frame", "input", "test.re
sult"),[] 
 []

[32]
Overfull \hbox (45.41951pt too wide) in paragraph at lines 2236--2238
[]\T1/ptm/m/n/10 (List) For \T1/pcr/m/n/10 checkUnits\T1/ptm/m/n/10 , the con-v
er-sion method source. See [][]\T1/pcr/m/n/10 ref.unit.conversions[][][]
 []

[33] [34]
Overfull \hbox (5.02048pt too wide) in paragraph at lines 2334--2339
\T1/pcr/m/n/10 "Error: In standard.plot(...) input 'x' not found" \T1/ptm/m/n/1
0 rather than \T1/pcr/m/n/10 "Error:
 []


Overfull \hbox (3.13002pt too wide) in paragraph at lines 2334--2339
\T1/pcr/m/n/10 In checkInput(...) input 'input' not found"\T1/ptm/m/n/10 , al-t
hough it is \T1/pcr/m/n/10 checkInput \T1/ptm/m/n/10 that
 []

[35] ("C:\Program Files\MiKTeX 2.9\tex\latex\base\utf8.def"
File: utf8.def 2008/04/05 v1.1m UTF-8 support for inputenc
) [36]
(C:\DOCUME~1\Karl\LOCALS~1\Temp\RtmpaVESkV\Rd2pdf4c0603a\Rd2.ind [37]
LaTeX Font Info:    Font shape `T1/ptm/bx/n' in size <12> not available
(Font)              Font shape `T1/ptm/b/n' tried instead on input line 3.

Overfull \hbox (1.3567pt too wide) in paragraph at lines 15--16
[]| \T1/pcr/m/n/10 2.5.analysis.summary.reports\T1/ptm/m/n/10 , 
 []

LaTeX Font Info:    Font shape `T1/pcr/m/it' in size <10> not available
(Font)              Font shape `T1/pcr/m/sl' tried instead on input line 37.

Overfull \hbox (16.01662pt too wide) in paragraph at lines 81--83
\T1/ptm/m/it/10 (\T1/pcr/m/sl/10 4.1.common.check.functions\T1/ptm/m/it/10 )\T1
/ptm/m/n/10 , 
 []


Overfull \hbox (16.01662pt too wide) in paragraph at lines 83--85
\T1/ptm/m/it/10 (\T1/pcr/m/sl/10 4.1.common.check.functions\T1/ptm/m/it/10 )\T1
/ptm/m/n/10 , 
 []


Overfull \hbox (16.01662pt too wide) in paragraph at lines 88--90
\T1/ptm/m/it/10 (\T1/pcr/m/sl/10 4.1.common.check.functions\T1/ptm/m/it/10 )\T1
/ptm/m/n/10 , 
 []

[38

]
Overfull \hbox (16.01662pt too wide) in paragraph at lines 90--92
\T1/ptm/m/it/10 (\T1/pcr/m/sl/10 4.1.common.check.functions\T1/ptm/m/it/10 )\T1
/ptm/m/n/10 , 
 []


Overfull \hbox (16.01662pt too wide) in paragraph at lines 92--94
\T1/ptm/m/it/10 (\T1/pcr/m/sl/10 4.1.common.check.functions\T1/ptm/m/it/10 )\T1
/ptm/m/n/10 , 
 []


Overfull \hbox (16.01662pt too wide) in paragraph at lines 94--96
\T1/ptm/m/it/10 (\T1/pcr/m/sl/10 4.1.common.check.functions\T1/ptm/m/it/10 )\T1
/ptm/m/n/10 , 
 []


Overfull \hbox (16.01662pt too wide) in paragraph at lines 99--101
\T1/ptm/m/it/10 (\T1/pcr/m/sl/10 4.1.common.check.functions\T1/ptm/m/it/10 )\T1
/ptm/m/n/10 , 
 []


Overfull \hbox (16.01662pt too wide) in paragraph at lines 110--112
\T1/ptm/m/it/10 (\T1/pcr/m/sl/10 2.6.conditioning.pems.data\T1/ptm/m/it/10 )\T1
/ptm/m/n/10 , 
 []


Overfull \hbox (16.01662pt too wide) in paragraph at lines 123--125
\T1/ptm/m/it/10 (\T1/pcr/m/sl/10 2.6.conditioning.pems.data\T1/ptm/m/it/10 )\T1
/ptm/m/n/10 , 
 []


Overfull \hbox (16.01662pt too wide) in paragraph at lines 125--127
\T1/ptm/m/it/10 (\T1/pcr/m/sl/10 2.6.conditioning.pems.data\T1/ptm/m/it/10 )\T1
/ptm/m/n/10 , 
 []

[39]
Overfull \hbox (28.01662pt too wide) in paragraph at lines 261--263
\T1/ptm/m/it/10 (\T1/pcr/m/sl/10 2.5.analysis.summary.reports\T1/ptm/m/it/10 )\
T1/ptm/m/n/10 , 
 []


Overfull \hbox (28.01662pt too wide) in paragraph at lines 263--265
\T1/ptm/m/it/10 (\T1/pcr/m/sl/10 2.5.analysis.summary.reports\T1/ptm/m/it/10 )\
T1/ptm/m/n/10 , 
 []

[40

])
Package atveryend Info: Empty hook `BeforeClearDocument' on input line 2495.
Package atveryend Info: Empty hook `AfterLastShipout' on input line 2495.
 (C:\DOCUME~1\Karl\LOCALS~1\Temp\RtmpaVESkV\Rd2pdf4c0603a\Rd2.aux)
Package atveryend Info: Executing hook `AtVeryEndDocument' on input line 2495.
Package atveryend Info: Executing hook `AtEndAfterFileList' on input line 2495.

Package rerunfilecheck Info: File `Rd2.out' has not changed.
(rerunfilecheck)             Checksum: 33C357C411658D1F9270E646EBCF673D;1155.
 ) 
Here is how much of TeX's memory you used:
 6499 strings out of 494045
 93525 string characters out of 3148336
 170594 words of memory out of 3000000
 9369 multiletter control sequences out of 15000+200000
 42641 words of font info for 55 fonts, out of 3000000 for 9000
 715 hyphenation exceptions out of 8191
 38i,6n,34p,274b,587s stack positions out of 5000i,500n,10000p,200000b,50000s
pdfTeX warning (dest): name{Rfn.cut} has been referenced but does not exist, 
replaced by a fixed one

pdfTeX warning (dest): name{Rfn.levelplot} has been referenced but does not exi
st, replaced by a fixed one

pdfTeX warning (dest): name{Rfn.panel.xyplot} has been referenced but does not 
exist, replaced by a fixed one

pdfTeX warning (dest): name{Rfn.xyplot} has been referenced but does not exist,
 replaced by a fixed one

pdfTeX warning (dest): name{Rfn.lattice} has been referenced but does not exist
, replaced by a fixed one

pdfTeX warning (dest): name{Rfn.make.names} has been referenced but does not ex
ist, replaced by a fixed one

pdfTeX warning (dest): name{Rfn.ccf} has been referenced but does not exist, re
placed by a fixed one

pdfTeX warning (dest): name{Rfn.cbind} has been referenced but does not exist, 
replaced by a fixed one

pdfTeX warning (dest): name{Rfn.read.csv} has been referenced but does not exis
t, replaced by a fixed one

pdfTeX warning (dest): name{Rfn.read.delim} has been referenced but does not ex
ist, replaced by a fixed one

{C:/Program Files/MiKTeX 2.9/fonts/enc/dvips/fontname/8r.enc}<C:/Program Files/
MiKTeX 2.9/fonts/type1/public/amsfonts/cm/cmsy10.pfb><C:/Program Files/MiKTeX 2
.9/fonts/type1/urw/courier/ucrr8a.pfb><C:/Program Files/MiKTeX 2.9/fonts/type1/
urw/courier/ucrro8a.pfb><C:/Program Files/MiKTeX 2.9/fonts/type1/urw/helvetic/u
hvr8a.pfb><C:/Program Files/MiKTeX 2.9/fonts/type1/urw/times/utmb8a.pfb><C:/Pro
gram Files/MiKTeX 2.9/fonts/type1/urw/times/utmr8a.pfb><C:/Program Files/MiKTeX
 2.9/fonts/type1/urw/times/utmr8a.pfb><C:/Program Files/MiKTeX 2.9/fonts/type1/
urw/times/utmri8a.pfb>
Output written on Rd2.pdf (40 pages, 282495 bytes).
PDF statistics:
 853 PDF objects out of 1000 (max. 8388607)
 296 named destinations out of 1000 (max. 500000)
 129 words of extra memory for PDF output out of 10000 (max. 10000000)

